2020-08-21 12:14:52,680 INFO    : please check the input query! {} will be given by default---400 Bad Request: The browser (or proxy) sent a request that this server could not understand.
2020-08-21 12:30:14,424 INFO    : please check the input query! {} will be given by default---400 Bad Request: The browser (or proxy) sent a request that this server could not understand.
2020-08-21 12:32:18,704 INFO    : please check the input query! {} will be given by default---'NoneType' object is not subscriptable
2020-08-21 12:32:32,520 INFO    : please check the input query! {} will be given by default---'NoneType' object is not subscriptable
2020-08-21 12:34:56,388 INFO    : please check the input query! {} will be given by default---'NoneType' object is not subscriptable
2020-08-21 12:35:16,408 INFO    : please check the input query! {} will be given by default---'NoneType' object is not subscriptable
2020-08-21 12:35:35,888 INFO    : please check the input query! {} will be given by default---'NoneType' object is not subscriptable
2020-08-21 12:36:11,680 INFO    : please check the input query! {} will be given by default---'NoneType' object is not subscriptable
2020-08-21 12:36:33,555 INFO    : please check the input query! {} will be given by default---'NoneType' object is not subscriptable
2020-08-21 12:37:09,048 INFO    : please check the input query! {} will be given by default---'NoneType' object is not subscriptable
2020-08-21 12:38:55,465 INFO    : please check the input query! {} will be given by default---Expecting value: line 1 column 1 (char 0)
2020-08-21 12:40:21,742 INFO    : please check the input query! {} will be given by default---object of type 'NoneType' has no len()
2020-08-21 12:40:34,874 INFO    : please check the input query! {} will be given by default---object of type 'NoneType' has no len()
2020-08-21 12:41:18,664 INFO    : please check the input query! {} will be given by default---module 'commonutil' has no attribute 'getReg'
2020-08-21 12:43:12,709 INFO    : please check the input query! {} will be given by default---ord() expected string of length 1, but int found
2020-08-21 12:44:08,845 INFO    : please check the input query! {} will be given by default---Expecting value: line 1 column 1 (char 0)
2020-08-21 12:44:48,594 INFO    : please check the input query! {} will be given by default---Expecting value: line 1 column 1 (char 0)
2020-08-21 12:45:42,442 INFO    : please check the input query! {} will be given by default---module 'commonutil' has no attribute 'getReg'
2020-08-21 12:47:14,097 INFO    : please check the input query! {} will be given by default---module 'commonutil' has no attribute 'getReg'
2020-08-21 12:47:28,538 INFO    : please check the input query! {} will be given by default---module 'commonutil' has no attribute 'getReg'
2020-08-21 12:47:50,851 INFO    : please check the input query! {} will be given by default---module 'commonutil' has no attribute 'getReg'
2020-08-21 12:48:07,492 INFO    : please check the input query! {} will be given by default---module 'commonutil' has no attribute 'getReg'
2020-08-21 12:48:17,029 INFO    : please check the input query! {} will be given by default---module 'commonutil' has no attribute 'getReg'
2020-08-21 12:48:44,015 INFO    : please check the input query! {} will be given by default---module 'commonutil' has no attribute 'getReg'
2020-08-21 12:49:08,480 INFO    : please check the input query! {} will be given by default---module 'commonutil' has no attribute 'getReg'
2020-08-21 12:50:51,918 INFO    : please check the input query! {} will be given by default---__init__() got an unexpected keyword argument 'encoding'
2020-08-21 12:51:13,748 INFO    : please check the input query! {} will be given by default---__init__() got an unexpected keyword argument 'encoding'
2020-08-21 12:51:19,318 INFO    : please check the input query! {} will be given by default---__init__() got an unexpected keyword argument 'encoding'
2020-08-21 12:53:23,615 INFO    : please check the input query! {} will be given by default---__init__() got an unexpected keyword argument 'encoding'
2020-08-21 12:53:41,352 INFO    : please check the input query! {} will be given by default---__init__() got an unexpected keyword argument 'encoding'
2020-08-21 12:54:21,351 INFO    : {"txt": "访问www.taobao.com", "txtLength": 16, "regularResult": "疑似[网页链接或邮箱]", "grade": "删除"}
2020-08-21 12:54:39,494 INFO    : {"txt": "尼玛", "txtLength": 2, "regularResult": "非广告文本", "ifContainSensitiveWord": false, "sensitiveWordCount": 0, "sensitiveWordList": "[]", "score": 0, "grade": "通过", "txtReplace": "尼玛"}
2020-08-21 12:54:48,761 INFO    : {"txt": "傻逼", "txtLength": 2, "regularResult": "非广告文本", "ifContainSensitiveWord": true, "sensitiveWordCount": 1, "sensitiveWordList": "[其他:傻逼]", "score": 2, "grade": "掩码", "txtReplace": "**"}
2020-08-21 12:55:06,010 INFO    : {"txt": "www.baidu.com", "txtLength": 13, "regularResult": "疑似[网页链接或邮箱]", "grade": "删除"}
2020-08-21 12:55:25,863 INFO    : {"txt": "法w论u公", "txtLength": 5, "regularResult": "非广告文本", "ifContainSensitiveWord": false, "sensitiveWordCount": 0, "sensitiveWordList": "[]", "score": 0, "grade": "通过", "txtReplace": "法w论u公"}
2020-08-21 12:55:38,624 INFO    : {"txt": "法w轮u工", "txtLength": 5, "regularResult": "非广告文本", "ifContainSensitiveWord": false, "sensitiveWordCount": 0, "sensitiveWordList": "[]", "score": 0, "grade": "通过", "txtReplace": "法w轮u工"}
2020-08-21 12:55:45,471 INFO    : {"txt": "你妈", "txtLength": 2, "regularResult": "非广告文本", "ifContainSensitiveWord": true, "sensitiveWordCount": 1, "sensitiveWordList": "[其他:你妈]", "score": 2, "grade": "掩码", "txtReplace": "**"}
2020-08-21 12:55:53,046 INFO    : {"txt": "你妈的", "txtLength": 3, "regularResult": "非广告文本", "ifContainSensitiveWord": true, "sensitiveWordCount": 1, "sensitiveWordList": "[其他:你妈的]", "score": 2, "grade": "掩码", "txtReplace": "***"}
2020-08-21 12:56:12,356 INFO    : {"txt": "你妈的这道题怎么做", "txtLength": 9, "regularResult": "非广告文本", "ifContainSensitiveWord": true, "sensitiveWordCount": 1, "sensitiveWordList": "[其他:你妈的]", "score": 2, "grade": "掩码", "txtReplace": "***这道题怎么做"}
2020-08-21 12:56:19,343 INFO    : {"txt": "你妈衣服怎么样", "txtLength": 7, "regularResult": "非广告文本", "ifContainSensitiveWord": true, "sensitiveWordCount": 1, "sensitiveWordList": "[其他:你妈]", "score": 2, "grade": "掩码", "txtReplace": "**衣服怎么样"}
2020-08-21 12:57:04,352 INFO    : {"txt": "你妈衣服怎么样", "txtLength": 7, "regularResult": "非广告文本", "ifContainSensitiveWord": true, "sensitiveWordCount": 1, "sensitiveWordList": "[其他:你妈]", "score": 2, "grade": "掩码", "txtReplace": "**衣服怎么样"}
2020-08-21 13:30:59,589 INFO    : {"txt": "你妈衣服怎么样", "txtLength": 7, "regularResult": "非广告文本", "ifContainSensitiveWord": true, "sensitiveWordCount": 1, "sensitiveWordList": "[其他:你妈]", "score": 2, "grade": "掩码", "txtReplace": "**衣服怎么样"}
2020-08-21 13:31:03,260 INFO    : {"txt": "你妈de衣服怎么样", "txtLength": 9, "regularResult": "非广告文本", "ifContainSensitiveWord": true, "sensitiveWordCount": 1, "sensitiveWordList": "[其他:你妈]", "score": 2, "grade": "掩码", "txtReplace": "**de衣服怎么样"}
2020-08-21 13:31:41,983 INFO    : {"txt": "像个大王八", "txtLength": 5, "regularResult": "非广告文本", "ifContainSensitiveWord": true, "sensitiveWordCount": 1, "sensitiveWordList": "[其他:王八]", "score": 2, "grade": "掩码", "txtReplace": "像个大**"}
2020-08-21 13:31:46,935 INFO    : {"txt": "像个大鸡巴", "txtLength": 5, "regularResult": "非广告文本", "ifContainSensitiveWord": true, "sensitiveWordCount": 2, "sensitiveWordList": "[色情:大鸡巴,色情:鸡巴]", "score": 10, "grade": "掩码", "txtReplace": "像个***"}
2020-08-21 13:31:52,130 INFO    : {"txt": "像个大几把", "txtLength": 5, "regularResult": "非广告文本", "ifContainSensitiveWord": false, "sensitiveWordCount": 0, "sensitiveWordList": "[]", "score": 0, "grade": "通过", "txtReplace": "像个大几把"}
2020-08-21 13:32:00,855 INFO    : {"txt": "几把东西", "txtLength": 4, "regularResult": "非广告文本", "ifContainSensitiveWord": false, "sensitiveWordCount": 0, "sensitiveWordList": "[]", "score": 0, "grade": "通过", "txtReplace": "几把东西"}
2020-08-21 13:32:52,808 INFO    : {"txt": "11122法.轮.功", "txtLength": 10, "regularResult": "疑似[QQ号或手机号]", "grade": "删除"}
2020-08-21 13:32:58,116 INFO    : {"txt": "111法.轮.功", "txtLength": 8, "regularResult": "非广告文本", "ifContainSensitiveWord": true, "sensitiveWordCount": 2, "sensitiveWordList": "[暴恐:法.轮.功,暴恐:轮.功]", "score": 8, "grade": "掩码", "txtReplace": "111*****"}
2020-08-21 13:33:03,192 INFO    : {"txt": "1112法.轮.功", "txtLength": 9, "regularResult": "非广告文本", "ifContainSensitiveWord": true, "sensitiveWordCount": 2, "sensitiveWordList": "[暴恐:法.轮.功,暴恐:轮.功]", "score": 8, "grade": "掩码", "txtReplace": "1112*****"}
2020-08-21 13:33:07,760 INFO    : {"txt": "11125法.轮.功", "txtLength": 10, "regularResult": "疑似[QQ号或手机号]", "grade": "删除"}
2020-08-21 13:33:12,855 INFO    : {"txt": "11125法1.轮.功", "txtLength": 11, "regularResult": "疑似[QQ号或手机号]", "grade": "删除"}
2020-08-21 13:33:17,751 INFO    : {"txt": "125法1.轮.功", "txtLength": 9, "regularResult": "非广告文本", "ifContainSensitiveWord": true, "sensitiveWordCount": 1, "sensitiveWordList": "[暴恐:轮.功]", "score": 4, "grade": "掩码", "txtReplace": "125法1.***"}
2020-08-21 13:33:24,992 INFO    : {"txt": "125法1.轮2.3功", "txtLength": 11, "regularResult": "非广告文本", "ifContainSensitiveWord": false, "sensitiveWordCount": 0, "sensitiveWordList": "[]", "score": 0, "grade": "通过", "txtReplace": "125法1.轮2.3功"}
2020-08-21 13:38:05,657 INFO    : {"txt": "这道题真他们打难做", "txtLength": 9, "regularResult": "非广告文本", "ifContainSensitiveWord": false, "sensitiveWordCount": 0, "sensitiveWordList": "[]", "score": 0, "grade": "通过", "txtReplace": "这道题真他们打难做"}
2020-08-21 13:38:12,156 INFO    : {"txt": "这道题真他妈难做", "txtLength": 8, "regularResult": "非广告文本", "ifContainSensitiveWord": true, "sensitiveWordCount": 1, "sensitiveWordList": "[色情:他妈]", "score": 5, "grade": "掩码", "txtReplace": "这道题真**难做"}
2020-08-21 13:39:04,766 INFO    : {"txt": "这道题真他妈难做，做个汉奸吧", "txtLength": 14, "regularResult": "非广告文本", "ifContainSensitiveWord": true, "sensitiveWordCount": 2, "sensitiveWordList": "[色情:他妈,反动:汉奸]", "score": 9, "grade": "掩码", "txtReplace": "这道题真**难做,做个**吧"}
2020-08-21 13:43:47,839 INFO    : {"txt": "这道题真他妈难做，做个汉奸吧,27军长砸洗浴中心", "txtLength": 24, "regularResult": "非广告文本", "ifContainSensitiveWord": true, "sensitiveWordCount": 3, "sensitiveWordList": "[色情:他妈,反动:汉奸,其他:27军长砸洗浴中心]", "score": 11, "grade": "掩码", "txtReplace": "这道题真**难做,做个**吧,*********"}
2020-08-21 13:46:21,673 INFO    : {"txt": "27军长砸洗浴中心", "txtLength": 9, "regularResult": "非广告文本", "ifContainSensitiveWord": true, "sensitiveWordCount": 1, "sensitiveWordList": "[其他:27军长砸洗浴中心]", "score": 2, "grade": "掩码", "txtReplace": "*********"}
2020-08-21 13:50:52,220 INFO    : {"txt": "1211dad", "txtLength": 7, "regularResult": "非广告文本", "ifContainSensitiveWord": false, "sensitiveWordCount": 0, "sensitiveWordList": "[]", "score": 0, "grade": "通过", "txtReplace": "1211dad"}
2020-08-21 13:50:55,848 INFO    : {"txt": "121122dad", "txtLength": 9, "regularResult": "疑似[QQ号或手机号]", "grade": "删除"}
2020-08-21 13:51:20,567 INFO    : {"txt": "7asdsadad", "txtLength": 9, "regularResult": "疑似[微信号]", "grade": "删除"}
2020-08-21 13:51:25,759 INFO    : {"txt": "7asdsadad你哈", "txtLength": 11, "regularResult": "非广告文本", "ifContainSensitiveWord": false, "sensitiveWordCount": 0, "sensitiveWordList": "[]", "score": 0, "grade": "通过", "txtReplace": "7asdsadad你哈"}
2020-08-21 13:51:33,641 INFO    : {"txt": "7asdsadad加我", "txtLength": 11, "regularResult": "非广告文本", "ifContainSensitiveWord": false, "sensitiveWordCount": 0, "sensitiveWordList": "[]", "score": 0, "grade": "通过", "txtReplace": "7asdsadad加我"}
2020-08-21 13:51:42,203 INFO    : {"txt": "加我7asdsadad", "txtLength": 11, "regularResult": "疑似[微信号]", "grade": "删除"}
2020-08-21 13:51:49,577 INFO    : {"txt": "7asdsadad+我", "txtLength": 11, "regularResult": "非广告文本", "ifContainSensitiveWord": false, "sensitiveWordCount": 0, "sensitiveWordList": "[]", "score": 0, "grade": "通过", "txtReplace": "7asdsadad+我"}
2020-08-21 14:00:22,448 INFO    : {"txt": "国家主席习近平在中国青岛主持上海合作组织成员国元首理事会第十八次会议。王八蛋+荧幕中的情节。", "txtLength": 46, "regularResult": "非广告文本", "ifContainSensitiveWord": true, "sensitiveWordCount": 2, "sensitiveWordList": "[政治:习近平,其他:王八]", "score": 6, "grade": "掩码", "txtReplace": "国家主席***在中国青岛主持上海合作组织成员国元首理事会第十八次会议。**蛋+荧幕中的情节。"}
2020-08-21 14:01:10,666 INFO    : {"txt": "国家主席习近平在中国青岛主持上海合作组织成员国元首理事会第十八次会议。王八蛋荧幕中的情节。", "txtLength": 45, "regularResult": "非广告文本", "ifContainSensitiveWord": true, "sensitiveWordCount": 2, "sensitiveWordList": "[政治:习近平,其他:王八]", "score": 6, "grade": "掩码", "txtReplace": "国家主席***在中国青岛主持上海合作组织成员国元首理事会第十八次会议。**蛋荧幕中的情节。"}
2020-08-21 14:01:58,718 INFO    : {"txt": "国家主席习近平在中国青岛主持上海合作组织成员国元首理事会第十八次会议。王八蛋荧幕中的情节。", "txtLength": 45, "regularResult": "非广告文本", "ifContainSensitiveWord": true, "sensitiveWordCount": 2, "sensitiveWordList": "[政治:习近平,其他:王八]", "score": 6, "grade": "掩码", "txtReplace": "国家主席***在中国青岛主持上海合作组织成员国元首理事会第十八次会议。**蛋荧幕中的情节。"}
2020-08-21 14:02:39,796 INFO    : {"txt": "国家主席习近平在中国青岛主持上海合作组织成员国元首理事会第十八次会议。王八蛋荧幕中的情节。", "txtLength": 45, "regularResult": "非广告文本", "ifContainSensitiveWord": true, "sensitiveWordCount": 2, "sensitiveWordList": "[政治:习近平,其他:王八]", "score": 6, "grade": "掩码", "txtReplace": "国家主席***在中国青岛主持上海合作组织成员国元首理事会第十八次会议。**蛋荧幕中的情节。"}
2020-08-21 14:06:40,676 INFO    : {"txt": "你妈", "txtLength": 2, "regularResult": "非广告文本", "ifContainSensitiveWord": false, "sensitiveWordCount": 0, "sensitiveWordList": "[]", "score": 0, "grade": "通过", "txtReplace": "你妈"}
2020-08-21 14:06:44,089 INFO    : {"txt": "你妈必", "txtLength": 3, "regularResult": "非广告文本", "ifContainSensitiveWord": false, "sensitiveWordCount": 0, "sensitiveWordList": "[]", "score": 0, "grade": "通过", "txtReplace": "你妈必"}
2020-08-21 14:06:47,006 INFO    : {"txt": "你妈逼", "txtLength": 3, "regularResult": "非广告文本", "ifContainSensitiveWord": true, "sensitiveWordCount": 1, "sensitiveWordList": "[其他:你妈逼]", "score": 2, "grade": "掩码", "txtReplace": "***"}
2020-08-21 14:06:50,600 INFO    : {"txt": "你妈逼逼", "txtLength": 4, "regularResult": "非广告文本", "ifContainSensitiveWord": true, "sensitiveWordCount": 1, "sensitiveWordList": "[其他:你妈逼]", "score": 2, "grade": "掩码", "txtReplace": "***逼"}
2020-08-21 14:06:54,389 INFO    : {"txt": "你妈逼逼逼", "txtLength": 5, "regularResult": "非广告文本", "ifContainSensitiveWord": true, "sensitiveWordCount": 1, "sensitiveWordList": "[其他:你妈逼]", "score": 2, "grade": "掩码", "txtReplace": "***逼逼"}
2020-08-21 14:06:56,626 INFO    : {"txt": "你妈逼逼逼逼", "txtLength": 6, "regularResult": "非广告文本", "ifContainSensitiveWord": true, "sensitiveWordCount": 1, "sensitiveWordList": "[其他:你妈逼]", "score": 2, "grade": "掩码", "txtReplace": "***逼逼逼"}
2020-08-21 14:07:02,413 INFO    : {"txt": "你妈逼逼逼逼傻", "txtLength": 7, "regularResult": "非广告文本", "ifContainSensitiveWord": true, "sensitiveWordCount": 1, "sensitiveWordList": "[其他:你妈逼]", "score": 2, "grade": "掩码", "txtReplace": "***逼逼逼傻"}
2020-08-21 14:07:12,014 INFO    : {"txt": "你妈的东西", "txtLength": 5, "regularResult": "非广告文本", "ifContainSensitiveWord": true, "sensitiveWordCount": 1, "sensitiveWordList": "[其他:你妈的]", "score": 2, "grade": "掩码", "txtReplace": "***东西"}
2020-08-21 14:23:24,136 INFO    : {"txt": "{\"text\":\"你妈逼得\"}", "txtLength": 15, "regularResult": "非广告文本", "ifContainSensitiveWord": true, "sensitiveWordCount": 1, "sensitiveWordList": "[其他:你妈逼]", "score": 2, "grade": "掩码", "txtReplace": "{\"text\":\"***得\"}"}
2020-08-21 14:23:30,526 INFO    : {"txt": "{\"text\":\"12356451\"}", "txtLength": 19, "regularResult": "疑似[QQ号或手机号]", "grade": "删除"}
2020-08-21 14:23:31,959 INFO    : {"txt": "{\"text\":\"12356451\"}", "txtLength": 19, "regularResult": "疑似[QQ号或手机号]", "grade": "删除"}
2020-08-21 14:23:43,509 INFO    : {"txt": "{\"text\":\"dafdaf\"}", "txtLength": 17, "regularResult": "非广告文本", "ifContainSensitiveWord": false, "sensitiveWordCount": 0, "sensitiveWordList": "[]", "score": 0, "grade": "通过", "txtReplace": "{\"text\":\"dafdaf\"}"}
2020-08-21 14:23:46,004 INFO    : {"txt": "{\"text\":\"dafdaf\"}", "txtLength": 17, "regularResult": "非广告文本", "ifContainSensitiveWord": false, "sensitiveWordCount": 0, "sensitiveWordList": "[]", "score": 0, "grade": "通过", "txtReplace": "{\"text\":\"dafdaf\"}"}
2020-08-21 14:23:58,752 INFO    : {"txt": "{\"text\":\"www.baidu.com\"}", "txtLength": 24, "regularResult": "疑似[网页链接或邮箱]", "grade": "删除"}
2020-08-21 14:24:21,502 INFO    : {"txt": "{\"text\":\"你妈的\"}", "txtLength": 14, "regularResult": "非广告文本", "ifContainSensitiveWord": true, "sensitiveWordCount": 1, "sensitiveWordList": "[其他:你妈的\"}]", "score": 2, "grade": "掩码", "txtReplace": "{\"text\":\"*****"}
2020-08-21 14:24:45,643 INFO    : {"txt": "{\"text\":\"草拟吗\"}", "txtLength": 14, "regularResult": "非广告文本", "ifContainSensitiveWord": false, "sensitiveWordCount": 0, "sensitiveWordList": "[]", "score": 0, "grade": "通过", "txtReplace": "{\"text\":\"草拟吗\"}"}
2020-08-21 14:24:53,668 INFO    : {"txt": "{\"text\":\"曹尼玛\"}", "txtLength": 14, "regularResult": "非广告文本", "ifContainSensitiveWord": false, "sensitiveWordCount": 0, "sensitiveWordList": "[]", "score": 0, "grade": "通过", "txtReplace": "{\"text\":\"曹尼玛\"}"}
2020-08-21 14:24:55,973 INFO    : {"txt": "{\"text\":\"曹尼玛\"}", "txtLength": 14, "regularResult": "非广告文本", "ifContainSensitiveWord": false, "sensitiveWordCount": 0, "sensitiveWordList": "[]", "score": 0, "grade": "通过", "txtReplace": "{\"text\":\"曹尼玛\"}"}
2020-08-21 14:24:57,122 INFO    : {"txt": "{\"text\":\"曹尼玛\"}", "txtLength": 14, "regularResult": "非广告文本", "ifContainSensitiveWord": false, "sensitiveWordCount": 0, "sensitiveWordList": "[]", "score": 0, "grade": "通过", "txtReplace": "{\"text\":\"曹尼玛\"}"}
2020-08-21 14:24:58,303 INFO    : {"txt": "{\"text\":\"曹尼玛\"}", "txtLength": 14, "regularResult": "非广告文本", "ifContainSensitiveWord": false, "sensitiveWordCount": 0, "sensitiveWordList": "[]", "score": 0, "grade": "通过", "txtReplace": "{\"text\":\"曹尼玛\"}"}
2020-08-21 14:25:03,914 INFO    : {"txt": "{\"text\":\"操你妈\"}", "txtLength": 14, "regularResult": "非广告文本", "ifContainSensitiveWord": true, "sensitiveWordCount": 1, "sensitiveWordList": "[其他:操你妈\"}]", "score": 2, "grade": "掩码", "txtReplace": "{\"text\":\"*****"}
2020-08-21 14:25:18,027 INFO    : {"txt": "{\"text\":\"干你妈\"}", "txtLength": 14, "regularResult": "非广告文本", "ifContainSensitiveWord": true, "sensitiveWordCount": 1, "sensitiveWordList": "[色情:干你]", "score": 5, "grade": "掩码", "txtReplace": "{\"text\":\"**妈\"}"}
2020-08-21 14:25:25,920 INFO    : {"txt": "{\"text\":\"尼玛\"}", "txtLength": 13, "regularResult": "非广告文本", "ifContainSensitiveWord": false, "sensitiveWordCount": 0, "sensitiveWordList": "[]", "score": 0, "grade": "通过", "txtReplace": "{\"text\":\"尼玛\"}"}
2020-08-21 14:28:21,359 INFO    : {"txt": "{\"text\":\"干你妈\"}", "txtLength": 14, "regularResult": "非广告文本", "ifContainSensitiveWord": true, "sensitiveWordCount": 1, "sensitiveWordList": "[色情:干你]", "score": 5, "grade": "掩码", "txtReplace": "{\"text\":\"**妈\"}"}
2020-08-21 14:28:30,607 INFO    : {"txt": "{\"text\":\"www.12313.com\"}", "txtLength": 24, "regularResult": "疑似[网页链接或邮箱]", "grade": "删除"}
2020-08-21 14:28:44,777 INFO    : {"txt": "{\"text\":\"尼玛\"}", "txtLength": 13, "regularResult": "非广告文本", "ifContainSensitiveWord": false, "sensitiveWordCount": 0, "sensitiveWordList": "[]", "score": 0, "grade": "通过", "txtReplace": "{\"text\":\"尼玛\"}"}
2020-08-21 14:28:51,554 INFO    : {"txt": "{\"text\":\"操你妈\"}", "txtLength": 14, "regularResult": "非广告文本", "ifContainSensitiveWord": true, "sensitiveWordCount": 1, "sensitiveWordList": "[其他:操你妈\"}]", "score": 2, "grade": "掩码", "txtReplace": "{\"text\":\"*****"}
2020-08-21 14:28:59,877 INFO    : {"txt": "{\"text\":\"尼玛\"}", "txtLength": 13, "regularResult": "非广告文本", "ifContainSensitiveWord": false, "sensitiveWordCount": 0, "sensitiveWordList": "[]", "score": 0, "grade": "通过", "txtReplace": "{\"text\":\"尼玛\"}"}
2020-08-21 14:29:23,777 INFO    : {"txt": "{\"text\":\"淦\"}", "txtLength": 12, "regularResult": "非广告文本", "ifContainSensitiveWord": false, "sensitiveWordCount": 0, "sensitiveWordList": "[]", "score": 0, "grade": "通过", "txtReplace": "{\"text\":\"淦\"}"}
2020-08-21 14:29:24,653 INFO    : {"txt": "{\"text\":\"淦\"}", "txtLength": 12, "regularResult": "非广告文本", "ifContainSensitiveWord": false, "sensitiveWordCount": 0, "sensitiveWordList": "[]", "score": 0, "grade": "通过", "txtReplace": "{\"text\":\"淦\"}"}
2020-08-21 14:32:46,815 INFO    : {"txt": "{\"text\":\"v信}", "txtLength": 12, "regularResult": "非广告文本", "ifContainSensitiveWord": false, "sensitiveWordCount": 0, "sensitiveWordList": "[]", "score": 0, "grade": "通过", "txtReplace": "{\"text\":\"v信}"}
2020-08-21 14:32:51,167 INFO    : {"txt": "{\"text\":\"v信\"}", "txtLength": 13, "regularResult": "非广告文本", "ifContainSensitiveWord": false, "sensitiveWordCount": 0, "sensitiveWordList": "[]", "score": 0, "grade": "通过", "txtReplace": "{\"text\":\"v信\"}"}
2020-08-21 14:33:02,890 INFO    : {"txt": "{\"text\":\"v信2345124\"}", "txtLength": 20, "regularResult": "疑似[QQ号或手机号]", "grade": "删除"}
2020-08-21 14:33:11,922 INFO    : {"txt": "{\"text\":\"v信dafdsafdsaf\"}", "txtLength": 24, "regularResult": "非广告文本", "ifContainSensitiveWord": false, "sensitiveWordCount": 0, "sensitiveWordList": "[]", "score": 0, "grade": "通过", "txtReplace": "{\"text\":\"v信dafdsafdsaf\"}"}
2020-08-21 14:33:21,919 INFO    : {"txt": "{\"text\":\"aaaaaaa\"}", "txtLength": 18, "regularResult": "非广告文本", "ifContainSensitiveWord": false, "sensitiveWordCount": 0, "sensitiveWordList": "[]", "score": 0, "grade": "通过", "txtReplace": "{\"text\":\"aaaaaaa\"}"}
2020-08-21 14:33:26,734 INFO    : {"txt": "{\"text\":\"ddddd\"}", "txtLength": 16, "regularResult": "非广告文本", "ifContainSensitiveWord": false, "sensitiveWordCount": 0, "sensitiveWordList": "[]", "score": 0, "grade": "通过", "txtReplace": "{\"text\":\"ddddd\"}"}
2020-08-21 14:40:36,141 INFO    : {"txt": "操你妈", "txtLength": 3, "regularResult": "非广告文本", "ifContainSensitiveWord": true, "sensitiveWordCount": 1, "sensitiveWordList": "[其他:操你妈]", "score": 2, "grade": "掩码", "txtReplace": "***"}
2020-08-21 14:42:36,414 INFO    : {"txt": "操你妈", "txtLength": 3, "regularResult": "非广告文本", "ifContainSensitiveWord": true, "sensitiveWordCount": 1, "sensitiveWordList": "[其他:操你妈]", "score": 2, "grade": "掩码", "txtReplace": "***"}
2020-08-21 15:14:25,693 INFO    : {"txt": "尼玛", "txtLength": 2, "regularResult": "非广告文本", "ifContainSensitiveWord": false, "sensitiveWordCount": 0, "sensitiveWordList": "[]", "score": 0, "grade": "通过", "txtReplace": "尼玛"}
